2022-07-01 13:08:00,781 ----------------------------------------------------------------------------------------------------
2022-07-01 13:08:00,781 Model: "SequenceTagger(
  (embeddings): StackedEmbeddings(
    (list_embedding_0): FlairEmbeddings(
      (lm): LanguageModel(
        (drop): Dropout(p=0.5, inplace=False)
        (encoder): Embedding(275, 100)
        (rnn): LSTM(100, 1024)
        (decoder): Linear(in_features=1024, out_features=275, bias=True)
      )
    )
    (list_embedding_1): FlairEmbeddings(
      (lm): LanguageModel(
        (drop): Dropout(p=0.5, inplace=False)
        (encoder): Embedding(275, 100)
        (rnn): LSTM(100, 1024)
        (decoder): Linear(in_features=1024, out_features=275, bias=True)
      )
    )
    (list_embedding_2): FlairEmbeddings(
      (lm): LanguageModel(
        (drop): Dropout(p=0.5, inplace=False)
        (encoder): Embedding(275, 100)
        (rnn): LSTM(100, 2048)
        (decoder): Linear(in_features=2048, out_features=275, bias=True)
      )
    )
  )
  (word_dropout): WordDropout(p=0.05)
  (locked_dropout): LockedDropout(p=0.5)
  (embedding2nn): Linear(in_features=4096, out_features=4096, bias=True)
  (rnn): LSTM(4096, 256, batch_first=True, bidirectional=True)
  (linear): Linear(in_features=512, out_features=7, bias=True)
  (loss_function): ViterbiLoss()
  (crf): CRF()
)"
2022-07-01 13:08:00,781 ----------------------------------------------------------------------------------------------------
2022-07-01 13:08:00,781 Corpus: "Corpus: 3980 train + 995 dev + 2500 test sentences"
2022-07-01 13:08:00,781 ----------------------------------------------------------------------------------------------------
2022-07-01 13:08:00,781 Parameters:
2022-07-01 13:08:00,781  - learning_rate: "0.100000"
2022-07-01 13:08:00,781  - mini_batch_size: "100"
2022-07-01 13:08:00,781  - patience: "3"
2022-07-01 13:08:00,781  - anneal_factor: "0.5"
2022-07-01 13:08:00,781  - max_epochs: "50"
2022-07-01 13:08:00,781  - shuffle: "True"
2022-07-01 13:08:00,781  - train_with_dev: "False"
2022-07-01 13:08:00,781  - batch_growth_annealing: "False"
2022-07-01 13:08:00,781 ----------------------------------------------------------------------------------------------------
2022-07-01 13:08:00,781 Model training base path: "models\flair"
2022-07-01 13:08:00,781 ----------------------------------------------------------------------------------------------------
2022-07-01 13:08:00,781 Device: cpu
2022-07-01 13:08:00,781 ----------------------------------------------------------------------------------------------------
2022-07-01 13:08:00,781 Embeddings storage mode: cpu
2022-07-01 13:08:00,781 ----------------------------------------------------------------------------------------------------
2022-07-01 13:08:50,663 ----------------------------------------------------------------------------------------------------
2022-07-01 13:08:51,335 Exiting from training early.
2022-07-01 13:08:51,379 Saving model ...
